<?xml version="1.0" encoding="UTF-8"?><testsuite errors="0" failures="0" name="com.bestbuy.productinfo.ProductCRUDTestWithStep" skipped="0" tests="4" time="3.85" timestamp="2023-06-06T12:29:59.113+01:00[Europe/London]"><testcase classname="com.bestbuy.productinfo.ProductCRUDTestWithStep" name="Creating a new PRODUCT"/><testcase classname="com.bestbuy.productinfo.ProductCRUDTestWithStep" name="Verify that product is added or not"/><testcase classname="com.bestbuy.productinfo.ProductCRUDTestWithStep" name="Updating product information"/><testcase classname="com.bestbuy.productinfo.ProductCRUDTestWithStep" name="Delete product and verifying that product is deleted"/></testsuite>