<?xml version="1.0" encoding="UTF-8"?><testsuite errors="0" failures="0" name="com.bestbuy.storeinfo.StoreCRUDTestWithSteps" skipped="0" tests="4" time="0.27" timestamp="2023-06-06T12:30:04.475+01:00[Europe/London]"><testcase classname="com.bestbuy.storeinfo.StoreCRUDTestWithSteps" name="This will create a new store"/><testcase classname="com.bestbuy.storeinfo.StoreCRUDTestWithSteps" name="Verify if the product was added to the application"/><testcase classname="com.bestbuy.storeinfo.StoreCRUDTestWithSteps" name="Update the store information and verify the updated information "/><testcase classname="com.bestbuy.storeinfo.StoreCRUDTestWithSteps" name="This will delete store and verify that store is deleted"/></testsuite>